app/build/intermediates/manifest_merge_blame_file/debug/manifest-merger-blame-debug-report.txt
1<?xml version="1.0" encoding="utf-8"?>
2<manifest xmlns:android="http://schemas.android.com/apk/res/android"
3    package="osirisc.coastappli"
4    android:versionCode="1"
5    android:versionName="1.0" >
6
7    <uses-sdk
8        android:minSdkVersion="24"
8-->src\main\AndroidManifest.xml
9        android:targetSdkVersion="29" />
9-->src\main\AndroidManifest.xml
10
11    <uses-permission android:name="android.permission.INTERNET" />
11-->src\main\AndroidManifest.xml:4:5-67
11-->src\main\AndroidManifest.xml:4:22-64
12    <uses-permission android:name="android.permission.ACCESS_FINE_LOCATION" /> <!-- necessary to use OpenStreetMap -->
12-->src\main\AndroidManifest.xml:5:5-79
12-->src\main\AndroidManifest.xml:5:22-76
13    <uses-feature
13-->src\main\AndroidManifest.xml:6:5-84
14        android:name="android.hardware.camera"
14-->src\main\AndroidManifest.xml:6:19-57
15        android:required="true" />
15-->src\main\AndroidManifest.xml:6:58-81
16    <uses-feature
16-->[com.mapbox.mapboxsdk:mapbox-android-sdk:8.5.0] AndroidManifest.xml:9:5-11:35
17        android:glEsVersion="0x00020000"
17-->[com.mapbox.mapboxsdk:mapbox-android-sdk:8.5.0] AndroidManifest.xml:10:9-41
18        android:required="true" />
18-->[com.mapbox.mapboxsdk:mapbox-android-sdk:8.5.0] AndroidManifest.xml:11:9-32
19    <uses-feature
19-->[com.mapbox.mapboxsdk:mapbox-android-sdk:8.5.0] AndroidManifest.xml:12:5-14:36
20        android:name="android.hardware.wifi"
20-->[com.mapbox.mapboxsdk:mapbox-android-sdk:8.5.0] AndroidManifest.xml:13:9-45
21        android:required="false" />
21-->[com.mapbox.mapboxsdk:mapbox-android-sdk:8.5.0] AndroidManifest.xml:14:9-33
22
23    <uses-permission android:name="android.permission.ACCESS_NETWORK_STATE" />
23-->[com.mapbox.mapboxsdk:mapbox-android-sdk:8.5.0] AndroidManifest.xml:17:5-79
23-->[com.mapbox.mapboxsdk:mapbox-android-sdk:8.5.0] AndroidManifest.xml:17:22-76
24    <uses-permission android:name="android.permission.ACCESS_WIFI_STATE" /> <!-- Required for CrashReporterJobIntentService on API levels below 25 -->
24-->[com.mapbox.mapboxsdk:mapbox-android-sdk:8.5.0] AndroidManifest.xml:18:5-76
24-->[com.mapbox.mapboxsdk:mapbox-android-sdk:8.5.0] AndroidManifest.xml:18:22-73
25    <uses-permission android:name="android.permission.WAKE_LOCK" />
25-->[com.mapbox.mapboxsdk:mapbox-android-telemetry:4.5.1] AndroidManifest.xml:12:5-68
25-->[com.mapbox.mapboxsdk:mapbox-android-telemetry:4.5.1] AndroidManifest.xml:12:22-65
26
27    <application
27-->src\main\AndroidManifest.xml:9:5-69:19
28        android:allowBackup="false"
28-->src\main\AndroidManifest.xml:11:9-36
29        android:appComponentFactory="androidx.core.app.CoreComponentFactory"
29-->[androidx.core:core:1.0.1] AndroidManifest.xml:22:18-86
30        android:debuggable="true"
31        android:extractNativeLibs="false"
32        android:fullBackupContent="true"
32-->src\main\AndroidManifest.xml:10:9-41
33        android:fullBackupOnly="false"
33-->src\main\AndroidManifest.xml:12:9-39
34        android:icon="@mipmap/ic_launcher_coast"
34-->src\main\AndroidManifest.xml:13:9-49
35        android:label="@string/app_name"
35-->src\main\AndroidManifest.xml:14:9-41
36        android:roundIcon="@mipmap/ic_launcher_coast_round"
36-->src\main\AndroidManifest.xml:15:9-60
37        android:supportsRtl="true"
37-->src\main\AndroidManifest.xml:16:9-35
38        android:testOnly="true"
39        android:theme="@style/AppTheme" >
39-->src\main\AndroidManifest.xml:17:9-40
40        <activity
40-->src\main\AndroidManifest.xml:18:9-28:20
41            android:name="osirisc.coastappli.MainActivity"
41-->src\main\AndroidManifest.xml:19:13-41
42            android:label="@string/app_name"
42-->src\main\AndroidManifest.xml:20:13-45
43            android:screenOrientation="portrait"
43-->src\main\AndroidManifest.xml:21:13-49
44            android:theme="@style/AppTheme.NoActionBar" >
44-->src\main\AndroidManifest.xml:22:13-56
45            <intent-filter>
45-->src\main\AndroidManifest.xml:23:13-27:29
46                <action android:name="android.intent.action.MAIN" />
46-->src\main\AndroidManifest.xml:24:17-69
46-->src\main\AndroidManifest.xml:24:25-66
47
48                <category android:name="android.intent.category.LAUNCHER" />
48-->src\main\AndroidManifest.xml:26:17-77
48-->src\main\AndroidManifest.xml:26:27-74
49            </intent-filter>
50        </activity>
51        <activity
51-->src\main\AndroidManifest.xml:31:9-36:20
52            android:name="osirisc.coastappli.SplashScreen"
52-->src\main\AndroidManifest.xml:32:13-41
53            android:label="@string/app_name"
53-->src\main\AndroidManifest.xml:33:13-45
54            android:screenOrientation="portrait"
54-->src\main\AndroidManifest.xml:34:13-49
55            android:theme="@style/AppTheme.NoActionBar" >
55-->src\main\AndroidManifest.xml:35:13-56
56        </activity>
57        <activity
57-->src\main\AndroidManifest.xml:38:9-43:20
58            android:name="osirisc.coastappli.LocationMainActivity"
58-->src\main\AndroidManifest.xml:39:13-49
59            android:label="@string/app_name"
59-->src\main\AndroidManifest.xml:40:13-45
60            android:screenOrientation="portrait"
60-->src\main\AndroidManifest.xml:41:13-49
61            android:theme="@style/AppTheme.NoActionBar" >
61-->src\main\AndroidManifest.xml:42:13-56
62        </activity>
63        <activity
63-->src\main\AndroidManifest.xml:45:9-50:20
64            android:name="osirisc.coastappli.PhotoCaptureErosionMainActivity"
64-->src\main\AndroidManifest.xml:46:13-60
65            android:label="@string/app_name"
65-->src\main\AndroidManifest.xml:47:13-45
66            android:screenOrientation="portrait"
66-->src\main\AndroidManifest.xml:48:13-49
67            android:theme="@style/AppTheme.NoActionBar" >
67-->src\main\AndroidManifest.xml:49:13-56
68        </activity>
69        <activity
69-->src\main\AndroidManifest.xml:52:9-57:20
70            android:name="osirisc.coastappli.DistanceErosionMainActivity"
70-->src\main\AndroidManifest.xml:53:13-56
71            android:label="@string/app_name"
71-->src\main\AndroidManifest.xml:54:13-45
72            android:screenOrientation="portrait"
72-->src\main\AndroidManifest.xml:55:13-49
73            android:theme="@style/AppTheme.NoActionBar" >
73-->src\main\AndroidManifest.xml:56:13-56
74        </activity>
75
76        <provider
77            android:name="androidx.core.content.FileProvider"
77-->src\main\AndroidManifest.xml:60:13-62
78            android:authorities="osirisc.coastappli.fileprovider"
78-->src\main\AndroidManifest.xml:61:13-64
79            android:exported="false"
79-->src\main\AndroidManifest.xml:62:13-37
80            android:grantUriPermissions="true" >
80-->src\main\AndroidManifest.xml:63:13-47
81            <meta-data
81-->src\main\AndroidManifest.xml:64:13-66:54
82                android:name="android.support.FILE_PROVIDER_PATHS"
82-->src\main\AndroidManifest.xml:65:17-67
83                android:resource="@xml/file_paths" />
83-->src\main\AndroidManifest.xml:66:17-51
84        </provider>
85        <provider
85-->[com.mapbox.mapboxsdk:mapbox-android-telemetry:4.5.1] AndroidManifest.xml:19:9-23:39
86            android:name="com.mapbox.android.telemetry.provider.MapboxTelemetryInitProvider"
86-->[com.mapbox.mapboxsdk:mapbox-android-telemetry:4.5.1] AndroidManifest.xml:20:13-93
87            android:authorities="osirisc.coastappli.mapboxtelemetryinitprovider"
87-->[com.mapbox.mapboxsdk:mapbox-android-telemetry:4.5.1] AndroidManifest.xml:21:13-79
88            android:exported="false"
88-->[com.mapbox.mapboxsdk:mapbox-android-telemetry:4.5.1] AndroidManifest.xml:22:13-37
89            android:initOrder="100" />
89-->[com.mapbox.mapboxsdk:mapbox-android-telemetry:4.5.1] AndroidManifest.xml:23:13-36
90
91        <service
91-->[com.mapbox.mapboxsdk:mapbox-android-telemetry:4.5.1] AndroidManifest.xml:25:9-27:72
92            android:name="com.mapbox.android.telemetry.crash.CrashReporterJobIntentService"
92-->[com.mapbox.mapboxsdk:mapbox-android-telemetry:4.5.1] AndroidManifest.xml:26:13-92
93            android:permission="android.permission.BIND_JOB_SERVICE" />
93-->[com.mapbox.mapboxsdk:mapbox-android-telemetry:4.5.1] AndroidManifest.xml:27:13-69
94
95        <provider
95-->[androidx.lifecycle:lifecycle-process:2.0.0] AndroidManifest.xml:23:9-27:43
96            android:name="androidx.lifecycle.ProcessLifecycleOwnerInitializer"
96-->[androidx.lifecycle:lifecycle-process:2.0.0] AndroidManifest.xml:24:13-79
97            android:authorities="osirisc.coastappli.lifecycle-process"
97-->[androidx.lifecycle:lifecycle-process:2.0.0] AndroidManifest.xml:25:13-69
98            android:exported="false"
98-->[androidx.lifecycle:lifecycle-process:2.0.0] AndroidManifest.xml:26:13-37
99            android:multiprocess="true" />
99-->[androidx.lifecycle:lifecycle-process:2.0.0] AndroidManifest.xml:27:13-40
100    </application>
101
102</manifest>